<?xml version="1.0" encoding="UTF-8" standalone="no"?>
<testsuite errors="0" failures="3" name="io.cucumber.core.plugin.JUnitFormatter" skipped="0" tests="17" time="383.681">
<testcase classname="F01_Register | users could register with new accounts" name="user register with valid data successfully" time="20.013">
<system-out><![CDATA[Given user go to register page..............................................passed
When user choose male or female and enter valid data........................passed
Then user press on register button..........................................passed
And user could register successfully........................................passed
]]></system-out>
</testcase>
<testcase classname="F02_Login | user should be able to login to the system" name="user login with valid data" time="21.744">
<system-out><![CDATA[When user navigate to login page............................................passed
And user enter valid data...................................................passed
Then user click on login button.............................................passed
And user could login successfully and go to home page.......................passed
]]></system-out>
</testcase>
<testcase classname="F02_Login | user should be able to login to the system" name="user login with invalid data" time="22.741">
<system-out><![CDATA[When user navigate to login page2...........................................passed
And user enter invalid data.................................................passed
Then user click on login button2............................................passed
And user could not login successfully and go to home page...................passed
]]></system-out>
</testcase>
<testcase classname="F03_ChangeCurrency | user could switch between currencies [$, €]" name="guest user can choose € currency" time="16.821">
<system-out><![CDATA[When user select “Euro” from currency dropdown list.........................passed
Then All $ sign change to € sign............................................passed
]]></system-out>
</testcase>
<testcase classname="F04_Search | users will be able to search for products with different parameters" name="user could search using product name" time="19.798">
<system-out><![CDATA[Given user click on search bar..............................................passed
When user search for product................................................passed
And user click on search Button.............................................passed
Then user could search successfully and go to search page...................passed
]]></system-out>
</testcase>
<testcase classname="F04_Search | users will be able to search for products with different parameters" name="user search using SKU" time="18.103">
<system-out><![CDATA[Given user click on search bar..............................................passed
When user search for product with SKU.......................................passed
And user click on search Button.............................................passed
Then user could search successfully with SKU................................passed
]]></system-out>
</testcase>
<testcase classname="F04_Search | users will be able to search for products with different parameters" name="user search using invalid product name" time="22.25">
<system-out><![CDATA[Given user click on search bar..............................................passed
When user search for product like "Xiaomi"..................................passed
And user click on search Button.............................................passed
Then user could not search..................................................passed
]]></system-out>
</testcase>
<testcase classname="F05_HoverCategories  |  user could hover categories and select sub category" name="user could hover categories" time="26.048">
<system-out><![CDATA[When user hover category....................................................passed
And user select subcategory.................................................passed
Then user go to relative product page.......................................passed
]]></system-out>
</testcase>
<testcase classname="F06_HomeSliders | users will be able to open sliders in home page" name="First slider clickable on homepage" time="16.015">
<failure message="URL of First Slide expected [https://demo.nopcommerce.com/nokia-lumia-1020] but found [https://demo.nopcommerce.com/]" type="java.lang.AssertionError"><![CDATA[When user clicks on first slider............................................passed
Then relative product for first slider is displayed.........................failed

StackTrace:
java.lang.AssertionError: URL of First Slide expected [https://demo.nopcommerce.com/nokia-lumia-1020] but found [https://demo.nopcommerce.com/]
	at org.testng.Assert.fail(Assert.java:110)
	at org.testng.Assert.failNotEquals(Assert.java:1413)
	at org.testng.Assert.assertEqualsImpl(Assert.java:149)
	at org.testng.Assert.assertEquals(Assert.java:131)
	at org.testng.Assert.assertEquals(Assert.java:655)
	at org.example.testSteps.D06_homeSlidersStepDef.first_slide_displayed(D06_homeSlidersStepDef.java:23)
	at ✽.relative product for first slider is displayed(file:///C:/Users/toshiba/IdeaProjects/DemoNopCommerce/src/main/resources/Feature/F06_HomeSliders.feature:8)
]]></failure>
</testcase>
<testcase classname="F06_HomeSliders | users will be able to open sliders in home page" name="Second slider clickable on homepage" time="15.646">
<failure message="URL of Second Slide expected [https://demo.nopcommerce.com/iphone-6] but found [https://demo.nopcommerce.com/]" type="java.lang.AssertionError"><![CDATA[When user clicks on second slider...........................................passed
Then relative product for second slider is displayed........................failed

StackTrace:
java.lang.AssertionError: URL of Second Slide expected [https://demo.nopcommerce.com/iphone-6] but found [https://demo.nopcommerce.com/]
	at org.testng.Assert.fail(Assert.java:110)
	at org.testng.Assert.failNotEquals(Assert.java:1413)
	at org.testng.Assert.assertEqualsImpl(Assert.java:149)
	at org.testng.Assert.assertEquals(Assert.java:131)
	at org.testng.Assert.assertEquals(Assert.java:655)
	at org.example.testSteps.D06_homeSlidersStepDef.second_slide_displayed(D06_homeSlidersStepDef.java:37)
	at ✽.relative product for second slider is displayed(file:///C:/Users/toshiba/IdeaProjects/DemoNopCommerce/src/main/resources/Feature/F06_HomeSliders.feature:13)
]]></failure>
</testcase>
<testcase classname="F07_FollowUs | users could open followUs links" name="user opens facebook link" time="28.849">
<system-out><![CDATA[When user navigate to login page............................................passed
And user enter valid data...................................................passed
Then user click on login button.............................................passed
And user could login successfully and go to home page.......................passed
When user opens facebook link...............................................passed
Then "https://www.facebook.com/nopCommerce" is opened in new tab............passed
]]></system-out>
</testcase>
<testcase classname="F07_FollowUs | users could open followUs links" name="user opens twitter link" time="29.786">
<system-out><![CDATA[When user navigate to login page............................................passed
And user enter valid data...................................................passed
Then user click on login button.............................................passed
And user could login successfully and go to home page.......................passed
When user opens twitter link................................................passed
Then "https://twitter.com/nopCommerce" is opened in new tab.................passed
]]></system-out>
</testcase>
<testcase classname="F07_FollowUs | users could open followUs links" name="user opens rss link" time="33.149">
<failure message="Index: 1, Size: 1" type="java.lang.IndexOutOfBoundsException"><![CDATA[When user navigate to login page............................................passed
And user enter valid data...................................................passed
Then user click on login button.............................................passed
And user could login successfully and go to home page.......................passed
When user opens rss link....................................................passed
Then "https://demo.nopcommerce.com/new-online-store-is-open" is opened in new tab.failed

StackTrace:
java.lang.IndexOutOfBoundsException: Index: 1, Size: 1
	at java.util.ArrayList.rangeCheck(ArrayList.java:659)
	at java.util.ArrayList.get(ArrayList.java:435)
	at org.example.testSteps.D07_followUsStepDef.opens_new_tab(D07_followUsStepDef.java:46)
	at ✽."https://demo.nopcommerce.com/new-online-store-is-open" is opened in new tab(file:///C:/Users/toshiba/IdeaProjects/DemoNopCommerce/src/main/resources/Feature/F07_FollowUs.feature:25)
]]></failure>
</testcase>
<testcase classname="F07_FollowUs | users could open followUs links" name="user opens youtube link" time="38.18">
<system-out><![CDATA[When user navigate to login page............................................passed
And user enter valid data...................................................passed
Then user click on login button.............................................passed
And user could login successfully and go to home page.......................passed
When user opens youtube link................................................passed
Then "https://www.youtube.com/user/nopCommerce" is opened in new tab........passed
]]></system-out>
</testcase>
<testcase classname="F08_WishList  |  guest user could add products to wishlist" name="success message is visible after adding item to wishlist" time="18.081">
<system-out><![CDATA[When user navigate to login page............................................passed
And user enter valid data...................................................passed
Then user click on login button.............................................passed
And user could login successfully and go to home page.......................passed
When user add item to wishlist..............................................passed
Then wishlist notification success is visible...............................passed
]]></system-out>
</testcase>
<testcase classname="F08_WishList  |  guest user could add products to wishlist" name="number of wishlist items in home page is increased" time="17.05">
<system-out><![CDATA[When user navigate to login page............................................passed
And user enter valid data...................................................passed
Then user click on login button.............................................passed
And user could login successfully and go to home page.......................passed
When user add item to wishlist..............................................passed
Then wishlist notification success is visible...............................passed
And user get the number of wishlist items after adding item.................passed
Then the number of wishlist increased.......................................passed
]]></system-out>
</testcase>
<testcase classname="F08_WishList  |  guest user could add products to wishlist" name="added items are displayed on wishlist" time="18.116">
<system-out><![CDATA[When user navigate to login page............................................passed
And user enter valid data...................................................passed
Then user click on login button.............................................passed
And user could login successfully and go to home page.......................passed
When user add item to wishlist..............................................passed
Then wishlist notification success is visible...............................passed
And user get the number of wishlist items after adding item.................passed
And user go to wishlist page................................................passed
Then the number of items greater than zero in wishlist page.................passed
]]></system-out>
</testcase>
</testsuite>
